<?xml version="1.0" encoding="UTF-8"?>
<!-- Generated by org.testng.reporters.JUnitXMLReporter -->
<testsuite ignored="0" hostname="DESKTOP-M9B6F7P" failures="2" tests="6" name="Test" time="57.156" errors="0" timestamp="24 Mar 2021 04:27:17 GMT">
  <testcase classname="com.ibanking.TestCases.Tc_Ibanking_001" name="login" time="8.518">
    <failure type="java.lang.AssertionError" message="expected [true] but found [false]">
      <![CDATA[java.lang.AssertionError: expected [true] but found [false]
at com.ibanking.TestCases.Tc_Ibanking_001.login(Tc_Ibanking_001.java:43)
... Removed 29 stack frames]]>
    </failure>
  </testcase> <!-- login -->
  <testcase classname="com.ibanking.TestCases.Tc_ibanking_002" name="testDDT" time="8.571"/>
  <testcase classname="com.ibanking.TestCases.Tc_ibanking_002" name="testDDT" time="3.261">
    <failure type="junit.framework.AssertionFailedError">
      <![CDATA[junit.framework.AssertionFailedError
at junit.framework.Assert.fail(Assert.java:47)
at junit.framework.Assert.assertTrue(Assert.java:20)
at junit.framework.Assert.assertTrue(Assert.java:27)
at com.ibanking.TestCases.Tc_ibanking_002.testDDT(Tc_ibanking_002.java:27)
... Removed 25 stack frames]]>
    </failure>
  </testcase> <!-- testDDT -->
  <testcase classname="com.ibanking.TestCases.Tc_ibanking_002" name="testDDT" time="5.697"/>
  <testcase classname="com.ibanking.TestCases.Tc_ibanking_002" name="testDDT" time="5.478"/>
  <testcase classname="com.ibanking.TestCases.Tc_ibanking_003" name="addCustomer" time="11.7"/>
</testsuite> <!-- Test -->
